2025/05/02 02:52:04 Trading bot started
2025/05/02 02:55:07 Trading bot started
2025/05/02 02:58:51 Trading bot started
2025/05/02 02:59:03 Error: error getting mouse position: exit status 1
2025/05/02 03:01:38 Trading bot started
2025/05/02 03:01:48 Error: error getting mouse position: exit status 1
2025/05/02 03:04:24 Trading bot started
2025/05/02 03:04:46 Trading bot started
2025/05/02 03:17:28 Trading bot started
2025/05/02 03:17:53 Trading bot started
2025/05/02 03:20:21 Trading bot started
2025/05/02 03:23:04 Trading bot started
2025/05/02 03:23:27 Trading bot started
2025/05/02 03:24:28 Operation completed successfully
2025/05/02 03:24:36 Trading bot started
2025/05/02 03:28:09 Trading bot started
2025/05/02 03:29:07 Trading bot started
2025/05/02 03:30:08 Trading bot started
2025/05/02 03:31:25 Operation completed successfully
2025/05/02 03:36:43 Trading bot started
2025/05/02 03:36:43 Executing buy order: 1 shares of PLX as limit order
2025/05/02 03:37:01 Operation completed successfully
2025/05/02 03:37:35 Trading bot started
2025/05/02 03:37:35 Executing buy order: 1 shares of PLX as limit order
2025/05/02 03:37:50 Operation completed successfully
2025/05/02 03:38:17 Trading bot started
2025/05/02 03:38:17 Executing buy order: 1 shares of VYNE as limit order
2025/05/02 03:38:32 Operation completed successfully
2025/05/02 03:40:51 Trading bot started
2025/05/02 03:40:51 Executing buy order: 1 shares of VYNE as limit order
2025/05/02 03:41:05 Operation completed successfully
2025/05/02 03:41:38 Trading bot started
2025/05/02 03:41:38 Executing buy order: 1 shares of VYNE as limit order
2025/05/02 03:41:52 Operation completed successfully
2025/05/02 03:43:34 Trading bot started
2025/05/02 03:43:34 Executing buy order: 1 shares of VYNE as limit order
2025/05/02 03:43:45 Operation completed successfully
2025/05/02 03:43:55 Trading bot started
2025/05/02 03:43:55 Executing buy order: 1 shares of VYNE as limit order
2025/05/02 03:44:05 Operation completed successfully
2025/05/02 03:44:45 Trading bot started
2025/05/02 03:44:45 Executing buy order: 1 shares of VYNE as limit order
2025/05/02 03:44:56 Operation completed successfully
2025/05/02 03:45:42 Trading bot started
2025/05/02 03:45:42 Executing buy order: 1 shares of VYNE as limit order
2025/05/02 03:45:52 Operation completed successfully
2025/05/02 03:49:23 Trading bot started
2025/05/02 03:49:23 Executing buy order (Batch 1): 0 shares of PLX as limit order
2025/05/02 03:49:32 Executing buy order (Batch 2): 0 shares of PLX as limit order
2025/05/02 03:49:40 Executing buy order (Batch 3): 0 shares of PLX as limit order
2025/05/02 03:49:47 Operation completed successfully
2025/05/02 03:57:02 Trading bot started
2025/05/02 03:57:02 Executing buy order (Batch 1): 1 shares of PLX as limit order
2025/05/02 03:57:12 Executing buy order (Batch 2): 1 shares of PLX as limit order
2025/05/02 03:57:20 Executing buy order (Batch 3): 1 shares of PLX as limit order
2025/05/02 03:57:27 Operation completed successfully
2025/05/02 03:57:52 Trading bot started
2025/05/02 03:57:52 Executing buy order (Batch 1): 1 shares of PLX as limit order
2025/05/02 03:58:01 Executing buy order (Batch 2): 1 shares of PLX as limit order
2025/05/02 03:58:11 Executing buy order (Batch 3): 1 shares of PLX as limit order
2025/05/02 03:58:18 Operation completed successfully
2025/05/02 04:02:04 Trading bot started
2025/05/02 04:02:04 Executing buy order (Batch 1): 1 shares of PLX as limit order
2025/05/02 04:02:14 Executing buy order (Batch 2): 1 shares of PLX as limit order
2025/05/02 04:02:24 Executing buy order (Batch 3): 1 shares of PLX as limit order
2025/05/02 04:02:32 Operation completed successfully
2025/05/02 04:03:35 Trading bot started
2025/05/02 04:03:35 Executing sell order (Batch 1): 1 shares of PLX as limit order
2025/05/02 04:03:46 Executing sell order (Batch 2): 1 shares of PLX as limit order
2025/05/02 04:03:59 Executing sell order (Batch 3): 1 shares of PLX as limit order
2025/05/02 04:04:10 Operation completed successfully
2025/05/02 04:08:40 Trading bot started
2025/05/02 04:09:55 Operation completed successfully
2025/05/02 04:10:15 Trading bot started
2025/05/02 04:10:15 Executing sell order: 1 shares of PLX as limit order
2025/05/02 04:10:24 Operation completed successfully
2025/05/02 04:13:56 Trading bot started
2025/05/02 04:13:56 Executing sell order: 1 shares of PLX as limit order
2025/05/02 04:14:04 Operation completed successfully
2025/05/02 04:15:31 Trading bot started
2025/05/02 04:15:31 Executing sell order: 1 shares of PLX as limit order
2025/05/02 04:15:40 Operation completed successfully
2025/05/02 04:16:17 Trading bot started
2025/05/02 04:16:17 Executing sell order: 1 shares of PLX as limit order
2025/05/02 04:16:25 Operation completed successfully
2025/05/02 04:16:42 Trading bot started
2025/05/02 04:16:49 Trading bot started
2025/05/02 04:16:49 Executing sell order: 1 shares of PLX as limit order
2025/05/02 04:16:59 Operation completed successfully
2025/05/02 04:17:03 Trading bot started
2025/05/02 04:17:03 Executing sell order: 1 shares of PLX as limit order
2025/05/02 04:17:13 Operation completed successfully
2025/05/02 04:17:24 Trading bot started
2025/05/02 04:17:24 Executing sell order: 1 shares of PLX as limit order
2025/05/02 04:17:34 Operation completed successfully
2025/05/02 04:19:50 Trading bot started
2025/05/02 04:19:50 Executing sell order: 1 shares of PLX as limit order
2025/05/02 04:20:01 Operation completed successfully
2025/05/02 04:20:15 Trading bot started
2025/05/02 04:20:15 Executing sell order: 1 shares of PLX as limit order
2025/05/02 04:20:25 Operation completed successfully
2025/05/02 04:29:22 Trading bot started
2025/05/02 04:30:22 Operation completed successfully
2025/05/02 04:30:35 Trading bot started
2025/05/02 04:30:35 Executing sell order: 1 shares of PLX as limit order
2025/05/02 04:30:46 Operation completed successfully
2025/05/02 04:31:02 Trading bot started
2025/05/02 04:31:02 Executing sell order: 1 shares of PLX as limit order
2025/05/02 04:31:13 Operation completed successfully
2025/05/02 04:31:36 Trading bot started
2025/05/02 04:31:36 Executing sell order: 1 shares of PLX as limit order
2025/05/02 04:31:47 Operation completed successfully
2025/05/02 04:32:13 Trading bot started
2025/05/02 04:32:13 Executing sell order: 1 shares of PLX as limit order
2025/05/02 04:32:24 Operation completed successfully
2025/05/02 04:32:30 Trading bot started
2025/05/02 04:32:30 Executing sell order: 1 shares of PLX as limit order
2025/05/02 04:32:41 Operation completed successfully
2025/05/02 04:33:05 Trading bot started
2025/05/02 04:33:05 Executing sell order: 1 shares of PLX as limit order
2025/05/02 04:33:16 Operation completed successfully
2025/05/02 04:33:30 Trading bot started
2025/05/02 04:33:30 Executing sell order (Batch 1): 1 shares of PLX as limit order
2025/05/02 04:33:43 Executing sell order (Batch 2): 1 shares of PLX as limit order
2025/05/02 04:33:57 Executing sell order (Batch 3): 1 shares of PLX as limit order
2025/05/02 04:34:06 Operation completed successfully
2025/05/02 04:36:32 Trading bot started
2025/05/02 04:36:32 Executing sell order (Batch 1): 1 shares of PLX as limit order
2025/05/02 04:36:45 Executing sell order (Batch 2): 1 shares of PLX as limit order
2025/05/02 04:36:59 Executing sell order (Batch 3): 1 shares of PLX as limit order
2025/05/02 04:37:09 Operation completed successfully
2025/05/02 04:40:09 Trading bot started
2025/05/02 04:40:09 Executing sell order (Batch 1): 1 shares of PLX as limit order
2025/05/02 04:40:22 Executing sell order (Batch 2): 1 shares of PLX as limit order
2025/05/02 04:40:35 Executing sell order (Batch 3): 1 shares of PLX as limit order
2025/05/02 04:40:47 Operation completed successfully
2025/05/02 04:42:28 Trading bot started
2025/05/02 04:42:28 Executing sell order (Batch 1): 1 shares of PLX as limit order
2025/05/02 04:42:42 Executing sell order (Batch 2): 1 shares of PLX as limit order
2025/05/02 04:42:54 Operation completed successfully
2025/05/02 04:43:15 Trading bot started
2025/05/02 04:43:15 Executing sell order (Batch 1): 1 shares of PLX as limit order
2025/05/02 04:43:29 Executing sell order (Batch 2): 1 shares of PLX as limit order
2025/05/02 04:43:41 Operation completed successfully
2025/05/04 03:46:03 Trading bot started
2025/05/04 03:46:03 Executing buy order: 1 shares of PLX as market order
2025/05/04 03:46:13 Operation completed successfully
2025/05/04 03:46:43 Trading bot started
2025/05/04 03:46:43 Executing sell order: 1 shares of PLX as market order
2025/05/04 03:46:53 Operation completed successfully
2025/05/04 03:47:38 Trading bot started
2025/05/04 03:47:38 Executing buy order (Batch 1): 1 shares of PLX as market order
2025/05/04 03:47:50 Executing buy order (Batch 2): 1 shares of PLX as market order
2025/05/04 03:48:00 Operation completed successfully
2025/05/04 03:48:31 Trading bot started
2025/05/04 03:48:31 Executing sell order (Batch 1): 1 shares of PLX as market order
2025/05/04 03:48:43 Executing sell order (Batch 2): 1 shares of PLX as market order
2025/05/04 03:48:52 Operation completed successfully
2025/05/04 03:50:10 Trading bot started
2025/05/04 03:50:10 Executing buy order: 1 shares of PLX as limit order
2025/05/04 03:50:22 Operation completed successfully
2025/05/04 03:50:35 Trading bot started
2025/05/04 03:50:35 Executing sell order: 1 shares of PLX as limit order
2025/05/04 03:50:47 Operation completed successfully
2025/05/04 03:57:27 Trading bot started
2025/05/04 03:57:27 Executing sell order: 1 shares of PLX as limit order
2025/05/04 03:57:39 Operation completed successfully
2025/05/04 03:57:50 Trading bot started
2025/05/04 03:57:50 Executing sell order: 1 shares of PLX as limit order
2025/05/04 03:58:03 Operation completed successfully
2025/05/04 04:01:25 Trading bot started
2025/05/04 04:01:25 Executing sell order: 1 shares of PLX as limit order
2025/05/04 04:01:37 Operation completed successfully
2025/05/04 04:01:44 Trading bot started
2025/05/04 04:01:44 Executing sell order: 1 shares of PLX as limit order
2025/05/04 04:01:56 Operation completed successfully
2025/05/04 04:02:08 Trading bot started
2025/05/04 04:02:08 Executing sell order: 1 shares of PLX as limit order
2025/05/04 04:02:20 Operation completed successfully
2025/05/04 04:02:25 Trading bot started
2025/05/04 04:02:25 Executing sell order: 1 shares of PLX as limit order
2025/05/04 04:02:37 Operation completed successfully
2025/05/04 04:05:36 Trading bot started
2025/05/04 04:05:36 Executing sell order: 1 shares of PLX as limit order
2025/05/04 04:05:48 Operation completed successfully
2025/05/04 04:05:51 Trading bot started
2025/05/04 04:05:51 Executing sell order: 1 shares of PLX as limit order
2025/05/04 04:06:04 Operation completed successfully
2025/05/04 04:07:22 Trading bot started
2025/05/04 04:07:22 Executing sell order: 1 shares of PLX as limit order
2025/05/04 04:07:35 Operation completed successfully
2025/05/04 04:07:38 Trading bot started
2025/05/04 04:07:38 Executing sell order: 1 shares of PLX as limit order
2025/05/04 04:07:51 Operation completed successfully
2025/05/04 04:08:04 Trading bot started
2025/05/04 04:08:04 Executing buy order: 1 shares of PLX as limit order
2025/05/04 04:08:16 Operation completed successfully
2025/05/04 04:08:23 Trading bot started
2025/05/04 04:08:23 Executing buy order: 1 shares of PLX as limit order
2025/05/04 04:08:36 Operation completed successfully
2025/05/04 04:11:46 Trading bot started
2025/05/04 04:11:46 Executing buy order (Batch 1): 1 shares of PLX as market order
2025/05/04 04:11:57 Executing buy order (Batch 2): 1 shares of PLX as market order
2025/05/04 04:12:07 Operation completed successfully
2025/05/04 04:15:15 Trading bot started
2025/05/04 04:15:15 ERROR: extended hours trading (Day+) requires limit orders. Market orders are not supported during pre-market or after-hours trading
2025/05/04 04:15:15 Error: extended hours trading (Day+) requires limit orders. Market orders are not supported during pre-market or after-hours trading
2025/05/04 04:16:23 Trading bot started
2025/05/04 04:16:23 Executing buy order: 1 shares of PLX as limit order
2025/05/04 04:16:36 Operation completed successfully
2025/05/04 04:16:46 Trading bot started
2025/05/04 04:16:46 Executing sell order: 1 shares of PLX as limit order
2025/05/04 04:16:59 Operation completed successfully
2025/05/04 04:17:03 Trading bot started
2025/05/04 04:17:03 Executing sell order: 1 shares of PLX as limit order
2025/05/04 04:17:15 Operation completed successfully
2025/05/04 04:17:19 Trading bot started
2025/05/04 04:17:19 Executing sell order: 1 shares of PLX as limit order
2025/05/04 04:17:31 Operation completed successfully
2025/05/04 04:17:36 Trading bot started
2025/05/04 04:17:36 Executing sell order: 1 shares of PLX as limit order
2025/05/04 04:17:49 Operation completed successfully
2025/05/04 04:17:52 Trading bot started
2025/05/04 04:17:52 Executing sell order: 1 shares of PLX as limit order
2025/05/04 04:18:05 Operation completed successfully
2025/05/04 04:18:18 Trading bot started
2025/05/04 04:18:18 Executing sell order: 1 shares of PLX as limit order
2025/05/04 04:18:31 Operation completed successfully
2025-05-04 04:24:05,108 - INFO - Executing buy order: 1 shares of PLX as market order
2025-05-04 04:25:30,563 - INFO - Executing buy order: 1 shares of PLX as market order
2025-05-04 04:26:02,137 - INFO - Executing buy order: 1 shares of PLX as market order
2025-05-04 04:26:27,988 - INFO - Executing sell order: 1 shares of PLX as market order
2025-05-04 04:28:53,787 - INFO - Executing sell order: 1 shares of PLX as market order
2025-05-04 04:30:04,749 - INFO - Executing sell order: 1 shares of PLX as market order
2025-05-04 04:32:14,607 - INFO - Executing sell order: 1 shares of PLX as market order
2025-05-04 04:33:19,103 - INFO - Executing sell order: 1 shares of PLX as market order
2025-05-04 04:33:27,746 - INFO - Executing sell order: 1 shares of PLX as market order
